<?xml version="1.0" encoding="UTF-8"?>
<beans xmlns="http://www.springframework.org/schema/beans" xmlns:context="http://www.springframework.org/schema/context"
	xmlns:xsi="http://www.w3.org/2001/XMLSchema-instance"
	xsi:schemaLocation="  
        http://www.springframework.org/schema/beans       
        http://www.springframework.org/schema/beans/spring-beans-3.0.xsd  
        http://www.springframework.org/schema/context   
        http://www.springframework.org/schema/context/spring-context-3.0.xsd">
	<!-- memcached -->
	<bean id="memcachedClient" class="net.spy.memcached.spring.MemcachedClientFactoryBean">
		<property name="servers" value="127.0.0.1:11211" />
		<property name="protocol" value="BINARY" />
		<property name="transcoder">
			<bean class="net.spy.memcached.transcoders.SerializingTranscoder">
				<property name="compressionThreshold" value="1024" />
			</bean>
		</property>
		<property name="opTimeout" value="2000" />
		<property name="timeoutExceptionThreshold" value="200" />
		<!-- <property name="hashAlg" value="KETAMA_HASH" /> -->
		<property name="locatorType" value="CONSISTENT" />
		<!-- Retry Redistribute -->
		<property name="failureMode" value="Redistribute" />
		<property name="useNagleAlgorithm" value="false" />
	</bean>
	<!-- end -->
</beans>